<?xml version="1.0" encoding="UTF-8"?>
<!-- Generated by org.testng.reporters.JUnitReportReporter -->
<testsuite hostname="LTIN169141" failures="0" tests="1" name="humanResources.TestNgclass" time="3.138" errors="0" timestamp="2024-02-28T15:18:16 IST" skipped="0">
  <testcase classname="humanResources.TestNgclass" name="login" time="3.138"/>
</testsuite> <!-- humanResources.TestNgclass -->
